TN:
SF:script/Common.sol
DA:17,10
FN:17,Common.setUp
FNDA:10,Common.setUp
DA:19,10
FN:19,Common._deploySavingCircles
FNDA:10,Common._deploySavingCircles
DA:20,10
DA:23,10
FN:23,Common._deployProxyAdmin
FNDA:10,Common._deployProxyAdmin
DA:24,10
DA:27,10
FN:27,Common._deployTransparentProxy
FNDA:10,Common._deployTransparentProxy
DA:32,10
DA:35,10
FN:35,Common._deployContracts
FNDA:10,Common._deployContracts
DA:36,10
FNF:5
FNH:5
LF:9
LH:9
BRF:0
BRH:0
end_of_record
TN:
SF:script/Deploy.sol
DA:7,0
FN:7,Deploy.run
FNDA:0,Deploy.run
DA:8,0
DA:9,0
DA:11,0
DA:13,0
FNF:1
FNH:0
LF:5
LH:0
BRF:0
BRH:0
end_of_record
TN:
SF:src/contracts/SavingCircles.sol
DA:30,0
FN:30,SavingCircles.onlyCommissioned
FNDA:0,SavingCircles.onlyCommissioned
DA:31,0
BRDA:31,0,0,-
DA:36,21818
FN:36,SavingCircles.onlyMember
FNDA:21818,SavingCircles.onlyMember
DA:37,21818
BRDA:37,1,0,2
DA:42,57
FN:42,SavingCircles.constructor
FNDA:57,SavingCircles.constructor
DA:43,57
DA:47,57
FN:47,SavingCircles.initialize
FNDA:57,SavingCircles.initialize
DA:48,57
DA:52,64
FN:52,SavingCircles.setTokenAllowed
FNDA:64,SavingCircles.setTokenAllowed
DA:53,61
DA:55,61
DA:59,22171
FN:59,SavingCircles.create
FNDA:22171,SavingCircles.create
DA:60,22171
DA:62,22171
BRDA:62,2,0,-
DA:63,22171
BRDA:63,3,0,2
DA:64,22169
BRDA:64,4,0,13
DA:65,22156
BRDA:65,5,0,12
DA:66,22144
BRDA:66,6,0,8
DA:67,22136
BRDA:67,7,0,-
DA:68,22136
BRDA:68,8,0,-
DA:69,22136
BRDA:69,9,0,-
DA:70,22136
BRDA:70,10,0,1
DA:72,22135
DA:73,72110
DA:74,72110
BRDA:74,11,0,-
DA:75,72110
DA:76,72110
DA:79,22135
DA:81,22135
DA:83,0
DA:87,86710
FN:87,SavingCircles.deposit
FNDA:86710,SavingCircles.deposit
DA:88,86710
DA:92,2628
FN:92,SavingCircles.depositFor
FNDA:2628,SavingCircles.depositFor
DA:93,2628
DA:97,21812
FN:97,SavingCircles.withdraw
FNDA:21812,SavingCircles.withdraw
DA:98,21812
DA:102,6
FN:102,SavingCircles.withdrawFor
FNDA:6,SavingCircles.withdrawFor
DA:103,6
DA:107,4644
FN:107,SavingCircles.decommission
FNDA:4644,SavingCircles.decommission
DA:108,4644
DA:110,4644
BRDA:110,12,0,2085
DA:111,2085
DA:114,2559
DA:115,2559
DA:116,6930
BRDA:116,13,0,2559
DA:117,2559
DA:118,2559
DA:121,2559
BRDA:121,14,0,-
DA:124,2559
DA:125,11241
DA:126,11241
DA:128,11241
BRDA:128,15,0,6907
DA:129,6907
DA:130,6907
DA:131,6907
BRDA:131,16,0,-
DA:135,2559
DA:137,2559
DA:141,34364
FN:141,SavingCircles.getCircle
FNDA:34364,SavingCircles.getCircle
DA:142,32351
DA:146,2
FN:146,SavingCircles.getCircles
FNDA:2,SavingCircles.getCircles
DA:147,2
DA:149,2
DA:150,3
DA:155,3
FN:155,SavingCircles.getMemberCircles
FNDA:3,SavingCircles.getMemberCircles
DA:156,3
DA:160,5
FN:160,SavingCircles.getMemberBalances
FNDA:5,SavingCircles.getMemberBalances
DA:166,5
DA:168,5
BRDA:168,17,0,-
DA:170,5
DA:171,5
DA:172,15
DA:175,5
DA:179,2
FN:179,SavingCircles.checkMemberships
FNDA:2,SavingCircles.checkMemberships
DA:180,2
DA:182,2
DA:183,6
DA:186,0
DA:190,7
FN:190,SavingCircles.isTokenAllowed
FNDA:7,SavingCircles.isTokenAllowed
DA:191,7
DA:195,10660
FN:195,SavingCircles.isWithdrawable
FNDA:10660,SavingCircles.isWithdrawable
DA:196,10660
DA:200,0
FN:200,SavingCircles.withdrawableBy
FNDA:0,SavingCircles.withdrawableBy
DA:201,0
DA:203,0
DA:210,21818
FN:210,SavingCircles._withdraw
FNDA:21818,SavingCircles._withdraw
DA:211,21816
DA:213,21816
BRDA:213,18,0,7
DA:214,21809
BRDA:214,19,0,-
DA:215,21809
BRDA:215,20,0,-
DA:217,21809
DA:219,21809
DA:220,73475
DA:223,21809
DA:224,21809
DA:225,21809
BRDA:225,21,0,-
DA:227,21809
DA:235,89338
FN:235,SavingCircles._deposit
FNDA:89338,SavingCircles._deposit
DA:240,89337
DA:242,89337
BRDA:242,22,0,2561
DA:243,2561
DA:245,86776
DA:246,1779
BRDA:246,23,0,1779
DA:247,1779
DA:249,84997
BRDA:249,24,0,-
DA:250,0
DA:252,84997
BRDA:252,25,0,1
DA:253,1
DA:256,84996
DA:258,84996
DA:259,84913
BRDA:259,26,0,-
DA:261,84913
DA:269,32476
FN:269,SavingCircles._withdrawable
FNDA:32476,SavingCircles._withdrawable
DA:270,32475
DA:272,32475
BRDA:272,27,0,4
DA:273,4
DA:276,32471
DA:277,109838
BRDA:277,28,0,3
DA:278,3
DA:282,32468
DA:288,156183
FN:288,SavingCircles._isDecommissioned
FNDA:156183,SavingCircles._isDecommissioned
DA:289,156183
FNF:23
FNH:21
LF:121
LH:113
BRF:29
BRH:15
end_of_record
TN:
SF:test/integration/IntegrationBase.sol
DA:32,10
FN:32,IntegrationBase.setUp
FNDA:10,IntegrationBase.setUp
DA:33,10
DA:35,10
DA:36,10
DA:37,10
DA:38,10
DA:40,10
DA:42,10
DA:54,0
FN:54,IntegrationBase.createBaseCircle
FNDA:0,IntegrationBase.createBaseCircle
DA:55,7
DA:56,7
DA:58,7
DA:59,7
DA:62,10
FN:62,IntegrationBase._setUpAccounts
FNDA:10,IntegrationBase._setUpAccounts
DA:63,10
DA:64,10
DA:65,10
DA:66,10
DA:67,10
DA:69,10
DA:70,10
DA:71,10
DA:72,10
DA:73,10
DA:75,10
DA:76,10
DA:77,10
DA:78,10
DA:79,10
FNF:3
FNH:2
LF:29
LH:28
BRF:0
BRH:0
end_of_record
TN:
SF:test/invariants/handlers/SavingCirclesHandler.sol
DA:27,4910
FN:27,SavingCirclesHandler.useActor
FNDA:4910,SavingCirclesHandler.useActor
DA:28,4910
DA:29,4910
DA:31,4910
DA:34,9
FN:34,SavingCirclesHandler.constructor
FNDA:9,SavingCirclesHandler.constructor
DA:35,9
DA:36,9
DA:37,9
DA:39,9
DA:40,90
DA:41,90
DA:42,90
DA:46,5001
FN:46,SavingCirclesHandler.createCircle
FNDA:5001,SavingCirclesHandler.createCircle
DA:54,5001
DA:55,5001
DA:56,5001
DA:57,5001
DA:58,5001
DA:60,5001
DA:61,5001
DA:62,17005
DA:65,5001
DA:76,5001
BRDA:76,0,0,5001
DA:77,5001
DA:78,5001
DA:83,4910
FN:83,SavingCirclesHandler.deposit
FNDA:4910,SavingCirclesHandler.deposit
DA:84,4910
DA:86,2823
DA:87,2823
DA:89,2823
DA:91,2823
BRDA:91,3,0,2823
DA:92,2823
DA:94,0
DA:95,0
DA:97,0
DA:98,0
DA:100,0
DA:101,0
DA:103,0
BRDA:103,6,0,-
DA:104,0
DA:109,4970
FN:109,SavingCirclesHandler.depositFor
FNDA:4970,SavingCirclesHandler.depositFor
DA:115,4970
DA:117,2649
DA:118,2649
DA:120,2649
DA:122,2649
BRDA:122,9,0,2649
DA:123,2649
DA:125,2649
DA:126,2649
DA:128,2649
DA:129,2649
DA:131,2649
DA:132,2649
DA:134,2627
DA:135,2627
DA:137,2627
BRDA:137,12,0,2627
DA:138,0
DA:144,4832
FN:144,SavingCirclesHandler.withdraw
FNDA:4832,SavingCirclesHandler.withdraw
DA:145,4832
DA:147,2692
DA:148,2692
DA:150,2692
DA:152,2692
BRDA:152,15,0,2692
DA:153,2692
DA:155,0
DA:157,0
BRDA:157,17,0,-
DA:158,0
DA:159,0
DA:160,0
DA:161,0
DA:162,0
DA:167,5203
FN:167,SavingCirclesHandler.withdrawFor
FNDA:5203,SavingCirclesHandler.withdrawFor
DA:172,5203
DA:174,2959
DA:175,2959
DA:177,2959
DA:179,2959
BRDA:179,20,0,2959
DA:180,2959
DA:181,2
DA:183,2
DA:184,2
DA:186,2
DA:188,2
BRDA:188,23,0,2
DA:189,0
DA:190,0
DA:191,0
DA:192,0
DA:193,0
DA:199,4915
FN:199,SavingCirclesHandler.decommission
FNDA:4915,SavingCirclesHandler.decommission
DA:200,4915
DA:202,2632
DA:203,2632
DA:205,2632
DA:207,2632
BRDA:207,26,0,2632
DA:208,2632
DA:209,2632
DA:210,9046
DA:213,2632
BRDA:213,27,0,2632
DA:214,547
DA:215,547
DA:216,547
DA:218,547
DA:219,734
BRDA:219,28,0,547
DA:220,547
DA:221,547
DA:222,547
DA:226,547
DA:231,4864
FN:231,SavingCirclesHandler.warpTime
FNDA:4864,SavingCirclesHandler.warpTime
DA:232,4864
DA:233,4864
DA:234,4864
DA:237,29831
FN:237,SavingCirclesHandler._getActor
FNDA:29831,SavingCirclesHandler._getActor
DA:238,29831
DA:241,0
FN:241,SavingCirclesHandler.getActiveCircles
FNDA:0,SavingCirclesHandler.getActiveCircles
DA:242,0
DA:245,0
FN:245,SavingCirclesHandler.getDecommissionedCircles
FNDA:0,SavingCirclesHandler.getDecommissionedCircles
DA:246,0
DA:249,0
FN:249,SavingCirclesHandler.getTotalDeposits
FNDA:0,SavingCirclesHandler.getTotalDeposits
DA:250,0
DA:253,0
FN:253,SavingCirclesHandler.getTotalWithdrawn
FNDA:0,SavingCirclesHandler.getTotalWithdrawn
DA:254,0
DA:257,0
FN:257,SavingCirclesHandler.getExpectedWithdrawals
FNDA:0,SavingCirclesHandler.getExpectedWithdrawals
DA:258,0
FNF:15
FNH:10
LF:123
LH:92
BRF:12
BRH:10
end_of_record
TN:
SF:test/mocks/MockERC20.sol
DA:9,86034
FN:9,MockERC20.mint
FNDA:86034,MockERC20.mint
DA:10,86034
FNF:1
FNH:1
LF:2
LH:2
BRF:0
BRH:0
end_of_record
